<?xml version="1.0" encoding="UTF-8"?>
<testsuite xmlns:xsi="http://www.w3.org/2001/XMLSchema-instance" xsi:noNamespaceSchemaLocation="https://maven.apache.org/surefire/maven-surefire-plugin/xsd/surefire-test-report-3.0.xsd" version="3.0" name="edu.eci.cvds.tdd.library.LibraryTest" time="0.129" tests="15" errors="0" skipped="0" failures="0">
  <properties>
    <property name="java.specification.version" value="21"/>
    <property name="sun.cpu.isalist" value="amd64"/>
    <property name="sun.jnu.encoding" value="Cp1252"/>
    <property name="java.class.path" value="C:\Users\sadir\OneDrive - ESCUELA COLOMBIANA DE INGENIERIA JULIO GARAVITO\2014-2\CVDS\LABS\CVDS-LAB-3\Library\target\test-classes;C:\Users\sadir\OneDrive - ESCUELA COLOMBIANA DE INGENIERIA JULIO GARAVITO\2014-2\CVDS\LABS\CVDS-LAB-3\Library\target\classes;C:\Users\sadir\.m2\repository\org\junit\jupiter\junit-jupiter-api\5.10.0\junit-jupiter-api-5.10.0.jar;C:\Users\sadir\.m2\repository\org\opentest4j\opentest4j\1.3.0\opentest4j-1.3.0.jar;C:\Users\sadir\.m2\repository\org\junit\platform\junit-platform-commons\1.10.0\junit-platform-commons-1.10.0.jar;C:\Users\sadir\.m2\repository\org\apiguardian\apiguardian-api\1.1.2\apiguardian-api-1.1.2.jar;C:\Users\sadir\.m2\repository\org\junit\jupiter\junit-jupiter-engine\5.10.0\junit-jupiter-engine-5.10.0.jar;C:\Users\sadir\.m2\repository\org\junit\platform\junit-platform-engine\1.10.0\junit-platform-engine-1.10.0.jar;"/>
    <property name="java.vm.vendor" value="Eclipse Adoptium"/>
    <property name="sun.arch.data.model" value="64"/>
    <property name="user.variant" value=""/>
    <property name="java.vendor.url" value="https://adoptium.net/"/>
    <property name="user.timezone" value="America/Bogota"/>
    <property name="user.country.format" value="CO"/>
    <property name="os.name" value="Windows 11"/>
    <property name="java.vm.specification.version" value="21"/>
    <property name="sun.java.launcher" value="SUN_STANDARD"/>
    <property name="user.country" value="US"/>
    <property name="sun.boot.library.path" value="C:\Program Files\Eclipse Adoptium\jdk-21.0.2.13-hotspot\bin"/>
    <property name="sun.java.command" value="C:\Users\sadir\AppData\Local\Temp\surefire13257172674606136278\surefirebooter-20240906002729134_3.jar C:\Users\sadir\AppData\Local\Temp\surefire13257172674606136278 2024-09-06T00-27-28_613-jvmRun1 surefire-20240906002729134_1tmp surefire_0-20240906002729134_2tmp"/>
    <property name="jdk.debug" value="release"/>
    <property name="surefire.test.class.path" value="C:\Users\sadir\OneDrive - ESCUELA COLOMBIANA DE INGENIERIA JULIO GARAVITO\2014-2\CVDS\LABS\CVDS-LAB-3\Library\target\test-classes;C:\Users\sadir\OneDrive - ESCUELA COLOMBIANA DE INGENIERIA JULIO GARAVITO\2014-2\CVDS\LABS\CVDS-LAB-3\Library\target\classes;C:\Users\sadir\.m2\repository\org\junit\jupiter\junit-jupiter-api\5.10.0\junit-jupiter-api-5.10.0.jar;C:\Users\sadir\.m2\repository\org\opentest4j\opentest4j\1.3.0\opentest4j-1.3.0.jar;C:\Users\sadir\.m2\repository\org\junit\platform\junit-platform-commons\1.10.0\junit-platform-commons-1.10.0.jar;C:\Users\sadir\.m2\repository\org\apiguardian\apiguardian-api\1.1.2\apiguardian-api-1.1.2.jar;C:\Users\sadir\.m2\repository\org\junit\jupiter\junit-jupiter-engine\5.10.0\junit-jupiter-engine-5.10.0.jar;C:\Users\sadir\.m2\repository\org\junit\platform\junit-platform-engine\1.10.0\junit-platform-engine-1.10.0.jar;"/>
    <property name="sun.cpu.endian" value="little"/>
    <property name="user.home" value="C:\Users\sadir"/>
    <property name="user.language" value="en"/>
    <property name="java.specification.vendor" value="Oracle Corporation"/>
    <property name="java.version.date" value="2024-01-16"/>
    <property name="java.home" value="C:\Program Files\Eclipse Adoptium\jdk-21.0.2.13-hotspot"/>
    <property name="file.separator" value="\"/>
    <property name="basedir" value="C:\Users\sadir\OneDrive - ESCUELA COLOMBIANA DE INGENIERIA JULIO GARAVITO\2014-2\CVDS\LABS\CVDS-LAB-3\Library"/>
    <property name="java.vm.compressedOopsMode" value="32-bit"/>
    <property name="line.separator" value="&#10;"/>
    <property name="java.vm.specification.vendor" value="Oracle Corporation"/>
    <property name="java.specification.name" value="Java Platform API Specification"/>
    <property name="surefire.real.class.path" value="C:\Users\sadir\AppData\Local\Temp\surefire13257172674606136278\surefirebooter-20240906002729134_3.jar"/>
    <property name="user.script" value=""/>
    <property name="sun.management.compiler" value="HotSpot 64-Bit Tiered Compilers"/>
    <property name="java.runtime.version" value="21.0.2+13-LTS"/>
    <property name="user.name" value="sadir"/>
    <property name="stdout.encoding" value="Cp1252"/>
    <property name="path.separator" value=";"/>
    <property name="os.version" value="10.0"/>
    <property name="java.runtime.name" value="OpenJDK Runtime Environment"/>
    <property name="file.encoding" value="UTF-8"/>
    <property name="java.vm.name" value="OpenJDK 64-Bit Server VM"/>
    <property name="java.vendor.version" value="Temurin-21.0.2+13"/>
    <property name="localRepository" value="C:\Users\sadir\.m2\repository"/>
    <property name="java.vendor.url.bug" value="https://github.com/adoptium/adoptium-support/issues"/>
    <property name="java.io.tmpdir" value="C:\Users\sadir\AppData\Local\Temp\"/>
    <property name="java.version" value="21.0.2"/>
    <property name="user.dir" value="C:\Users\sadir\OneDrive - ESCUELA COLOMBIANA DE INGENIERIA JULIO GARAVITO\2014-2\CVDS\LABS\CVDS-LAB-3\Library"/>
    <property name="os.arch" value="amd64"/>
    <property name="java.vm.specification.name" value="Java Virtual Machine Specification"/>
    <property name="user.language.format" value="es"/>
    <property name="sun.os.patch.level" value=""/>
    <property name="native.encoding" value="Cp1252"/>
    <property name="java.library.path" value="C:\Program Files\Eclipse Adoptium\jdk-21.0.2.13-hotspot\bin;C:\WINDOWS\Sun\Java\bin;C:\WINDOWS\system32;C:\WINDOWS;C:\Program Files\Eclipse Adoptium\jdk-21.0.2.13-hotspot\bin;C:\Program Files\Java\jdk-11\bin;C:\Program Files\Common Files\Oracle\Java\javapath;C:\Program Files (x86)\Common Files\Oracle\Java\java8path;C:\Program Files (x86)\Common Files\Oracle\Java\javapath;C:\app\sadir\product\21c\dbhomeXE\bin;C:\WINDOWS\system32;C:\WINDOWS;C:\WINDOWS\System32\Wbem;C:\WINDOWS\System32\WindowsPowerShell\v1.0\;C:\WINDOWS\System32\OpenSSH\;C:\Program Files\Wolfram Research\WolframScript\;C:\Program Files\dotnet\;C:\Program Files\Git\cmd;C:\Users\sadir\AppData\Roaming\nvm;C:\Program Files\nodejs;C:\Program Files (x86)\dotnet\;C:\Program Files\PuTTY\;C:\AppsEscuela\apache-maven-3.9.9-bin\apache-maven-3.9.9\bin;C:\Program Files\Docker\Docker\resources\bin;C:\Users\sadir\AppData\Local\Programs\Python\Python310\Scripts\;C:\Users\sadir\AppData\Local\Programs\Python\Python310\;C:\Users\sadir\AppData\Local\Microsoft\WindowsApps;C:\Users\sadir\AppData\Local\Programs\Microsoft VS Code\bin;C:\ghcup\bin;C:\Users\sadir\AppData\Local\Microsoft\WindowsApps;C:\Users\sadir\AppData\Local\GitHubDesktop\bin;C:\Program Files\JetBrains\DataGrip 2023.2.2\bin;;C:\Users\sadir\AppData\Roaming\npm;C:\Users\sadir\AppData\Roaming\nvm;C:\Program Files\nodejs;."/>
    <property name="java.vm.info" value="mixed mode, sharing"/>
    <property name="stderr.encoding" value="Cp1252"/>
    <property name="java.vendor" value="Eclipse Adoptium"/>
    <property name="java.vm.version" value="21.0.2+13-LTS"/>
    <property name="sun.io.unicode.encoding" value="UnicodeLittle"/>
    <property name="java.class.version" value="65.0"/>
  </properties>
  <testcase name="returnLoanAlreadyReturned" classname="edu.eci.cvds.tdd.library.LibraryTest" time="0.059"/>
  <testcase name="loanFailsIfUserAlreadyHasActiveLoanForSameBook" classname="edu.eci.cvds.tdd.library.LibraryTest" time="0.009"/>
  <testcase name="returnActiveLoan" classname="edu.eci.cvds.tdd.library.LibraryTest" time="0.003"/>
  <testcase name="loanFailsIfUserDoesNotExist" classname="edu.eci.cvds.tdd.library.LibraryTest" time="0.002"/>
  <testcase name="returnLoanWhenLoanIsNotActive" classname="edu.eci.cvds.tdd.library.LibraryTest" time="0.001"/>
  <testcase name="loanBookSuccessfully" classname="edu.eci.cvds.tdd.library.LibraryTest" time="0.001"/>
  <testcase name="loanFailsIfBookNotAvailable" classname="edu.eci.cvds.tdd.library.LibraryTest" time="0.001"/>
  <testcase name="addBookSuccessfully" classname="edu.eci.cvds.tdd.library.LibraryTest" time="0.002"/>
  <testcase name="addBookAndVerifyCorrectAmountAfterLoan" classname="edu.eci.cvds.tdd.library.LibraryTest" time="0.001"/>
  <testcase name="returnNonExistentLoan" classname="edu.eci.cvds.tdd.library.LibraryTest" time="0.001"/>
  <testcase name="returnLoanWithNullLoan" classname="edu.eci.cvds.tdd.library.LibraryTest" time="0.003"/>
  <testcase name="addBookIncreasesQuantityWhenBookAlreadyExists" classname="edu.eci.cvds.tdd.library.LibraryTest" time="0.001"/>
  <testcase name="addMultipleDifferentBooks" classname="edu.eci.cvds.tdd.library.LibraryTest" time="0.001"/>
  <testcase name="addBookFailsIfBookIsNull" classname="edu.eci.cvds.tdd.library.LibraryTest" time="0.002"/>
  <testcase name="loanDateIsSetCorrectly" classname="edu.eci.cvds.tdd.library.LibraryTest" time="0.001"/>
</testsuite>